Arguments: 
  C:\Program Files\nodejs\node.exe C:\Users\chris\AppData\Roaming\npm\node_modules\yarn\bin\yarn.js init

PATH: 
  C:\Users\chris\bin;C:\Program Files\Git\mingw64\bin;C:\Program Files\Git\usr\local\bin;C:\Program Files\Git\usr\bin;C:\Program Files\Git\usr\bin;C:\Program Files\Git\mingw64\bin;C:\Program Files\Git\usr\bin;C:\Users\chris\bin;C:\ProgramData\DockerDesktop\version-bin;C:\Program Files\Docker\Docker\Resources\bin;C:\Program Files\NVIDIA GPU Computing Toolkit\CUDA\v9.0\bin;C:\Program Files\NVIDIA GPU Computing Toolkit\CUDA\v9.0\libnvvp;C:\Program Files (x86)\Intel\Intel(R) Management Engine Components\iCLS;C:\Program Files\Intel\Intel(R) Management Engine Components\iCLS;C:\Windows\system32;C:\Windows;C:\Windows\System32\Wbem;C:\Windows\System32\WindowsPowerShell\v1.0;C:\Windows\System32\OpenSSH;C:\Program Files (x86)\Intel\Intel(R) Management Engine Components\DAL;C:\Program Files\Intel\Intel(R) Management Engine Components\DAL;C:\Program Files (x86)\NVIDIA Corporation\PhysX\Common;C:\Program Files\nodejs;C:\ProgramData\ComposerSetup\bin;C:\ProgramData\chocolatey\bin;C:\Program Files\Java\jdk1.8.0_201\bin;C:\Program Files\NVIDIA Corporation\NVIDIA NvDLISR;C:\Program Files\MATLAB\R2019a\bin;C:\Program Files (x86)\Windows Kits\10\Windows Performance Toolkit;C:\Program Files\NVIDIA GPU Computing Toolkit\CUDA\v9.0\extras\CUPTI\libx64;C:\Program Files\NVIDIA GPU Computing Toolkit\CUDA\v9.0\cuda\bin;C:\Program Files (x86)\PuTTY;C:\Users\chris\AppData\Local\Programs\Python\Python36\Scripts;C:\Users\chris\AppData\Local\Programs\Python\Python36;C:\Users\chris\AppData\Local\Microsoft\WindowsApps;C:\Users\chris\AppData\Roaming\npm;C:\Users\chris\AppData\Local\Programs\Python\Python36-32;C:\Program Files\PostgreSQL\11\bin;C:\Users\chris\AppData\Local\Programs\Microsoft VS Code\bin;C:\laragon\bin\php\php-7.2.11-Win32-VC15-x64;C:\Users\chris\AppData\Roaming\Composer\vendor\bin;C:\Program Files\Git\usr\bin\vendor_perl;C:\Program Files\Git\usr\bin\core_perl

Yarn version: 
  1.12.3

Node version: 
  10.14.2

Platform: 
  win32 x64

Trace: 
  Error: Can't answer a question unless a user TTY
      at ConsoleReporter.question (C:\Users\chris\AppData\Roaming\npm\node_modules\yarn\lib\cli.js:95522:59)
      at Object.<anonymous> (C:\Users\chris\AppData\Roaming\npm\node_modules\yarn\lib\cli.js:88103:38)
      at Generator.next (<anonymous>)
      at step (C:\Users\chris\AppData\Roaming\npm\node_modules\yarn\lib\cli.js:304:30)
      at C:\Users\chris\AppData\Roaming\npm\node_modules\yarn\lib\cli.js:315:13
      at process._tickCallback (internal/process/next_tick.js:68:7)

npm manifest: 
  No manifest

yarn manifest: 
  No manifest

Lockfile: 
  No lockfile
